{"/Users/dave/projects/detroitchow/detroitchow-admin-ui/src/api/client.ts": {"path":"/Users/dave/projects/detroitchow/detroitchow-admin-ui/src/api/client.ts","statementMap":{"0":{"start":{"line":1,"column":21},"end":{"line":1,"column":null}},"1":{"start":{"line":12,"column":4},"end":{"line":12,"column":null}},"2":{"start":{"line":13,"column":4},"end":{"line":13,"column":null}},"3":{"start":{"line":14,"column":4},"end":{"line":14,"column":null}},"4":{"start":{"line":15,"column":4},"end":{"line":15,"column":null}},"5":{"start":{"line":23,"column":14},"end":{"line":23,"column":null}},"6":{"start":{"line":25,"column":30},"end":{"line":31,"column":null}},"7":{"start":{"line":33,"column":2},"end":{"line":59,"column":null}},"8":{"start":{"line":34,"column":21},"end":{"line":34,"column":null}},"9":{"start":{"line":36,"column":4},"end":{"line":43,"column":null}},"10":{"start":{"line":37,"column":24},"end":{"line":37,"column":null}},"11":{"start":{"line":37,"column":58},"end":{"line":37,"column":62}},"12":{"start":{"line":38,"column":6},"end":{"line":42,"column":null}},"13":{"start":{"line":46,"column":4},"end":{"line":48,"column":null}},"14":{"start":{"line":47,"column":6},"end":{"line":47,"column":null}},"15":{"start":{"line":50,"column":4},"end":{"line":50,"column":null}},"16":{"start":{"line":52,"column":4},"end":{"line":54,"column":null}},"17":{"start":{"line":53,"column":6},"end":{"line":53,"column":null}},"18":{"start":{"line":55,"column":4},"end":{"line":58,"column":null}}},"fnMap":{"0":{"name":"(anonymous_0)","decl":{"start":{"line":7,"column":2},"end":{"line":7,"column":null}},"loc":{"start":{"line":11,"column":4},"end":{"line":16,"column":null}},"line":11},"1":{"name":"apiRequest","decl":{"start":{"line":19,"column":22},"end":{"line":19,"column":null}},"loc":{"start":{"line":22,"column":14},"end":{"line":60,"column":null}},"line":22},"2":{"name":"(anonymous_2)","decl":{"start":{"line":37,"column":52},"end":{"line":37,"column":58}},"loc":{"start":{"line":37,"column":58},"end":{"line":37,"column":62}},"line":37}},"branchMap":{"0":{"loc":{"start":{"line":1,"column":21},"end":{"line":1,"column":null}},"type":"binary-expr","locations":[{"start":{"line":1,"column":21},"end":{"line":1,"column":58}},{"start":{"line":1,"column":58},"end":{"line":1,"column":null}}],"line":1},"1":{"loc":{"start":{"line":36,"column":4},"end":{"line":43,"column":null}},"type":"if","locations":[{"start":{"line":36,"column":4},"end":{"line":43,"column":null}},{"start":{},"end":{}}],"line":36},"2":{"loc":{"start":{"line":39,"column":8},"end":{"line":39,"column":null}},"type":"binary-expr","locations":[{"start":{"line":39,"column":8},"end":{"line":39,"column":30}},{"start":{"line":39,"column":30},"end":{"line":39,"column":null}}],"line":39},"3":{"loc":{"start":{"line":46,"column":4},"end":{"line":48,"column":null}},"type":"if","locations":[{"start":{"line":46,"column":4},"end":{"line":48,"column":null}},{"start":{},"end":{}}],"line":46},"4":{"loc":{"start":{"line":52,"column":4},"end":{"line":54,"column":null}},"type":"if","locations":[{"start":{"line":52,"column":4},"end":{"line":54,"column":null}},{"start":{},"end":{}}],"line":52},"5":{"loc":{"start":{"line":56,"column":6},"end":{"line":56,"column":null}},"type":"cond-expr","locations":[{"start":{"line":56,"column":31},"end":{"line":56,"column":47}},{"start":{"line":56,"column":47},"end":{"line":56,"column":null}}],"line":56}},"s":{"0":2,"1":9,"2":9,"3":9,"4":9,"5":22,"6":22,"7":22,"8":22,"9":19,"10":3,"11":1,"12":3,"13":16,"14":2,"15":14,"16":6,"17":4,"18":2},"f":{"0":9,"1":22,"2":1},"b":{"0":[2,0],"1":[3,16],"2":[3,1],"3":[2,14],"4":[4,2],"5":[1,1]},"meta":{"lastBranch":6,"lastFunction":3,"lastStatement":19,"seen":{"s:1:21:1:Infinity":0,"b:1:21:1:58:1:58:1:Infinity":0,"f:7:2:7:Infinity":0,"s:12:4:12:Infinity":1,"s:13:4:13:Infinity":2,"s:14:4:14:Infinity":3,"s:15:4:15:Infinity":4,"f:19:22:19:Infinity":1,"s:23:14:23:Infinity":5,"s:25:30:31:Infinity":6,"s:33:2:59:Infinity":7,"s:34:21:34:Infinity":8,"b:36:4:43:Infinity:undefined:undefined:undefined:undefined":1,"s:36:4:43:Infinity":9,"s:37:24:37:Infinity":10,"f:37:52:37:58":2,"s:37:58:37:62":11,"s:38:6:42:Infinity":12,"b:39:8:39:30:39:30:39:Infinity":2,"b:46:4:48:Infinity:undefined:undefined:undefined:undefined":3,"s:46:4:48:Infinity":13,"s:47:6:47:Infinity":14,"s:50:4:50:Infinity":15,"b:52:4:54:Infinity:undefined:undefined:undefined:undefined":4,"s:52:4:54:Infinity":16,"s:53:6:53:Infinity":17,"s:55:4:58:Infinity":18,"b:56:31:56:47:56:47:56:Infinity":5}}}
,"/Users/dave/projects/detroitchow/detroitchow-admin-ui/src/features/locations/LocationsTable.tsx": {"path":"/Users/dave/projects/detroitchow/detroitchow-admin-ui/src/features/locations/LocationsTable.tsx","statementMap":{"0":{"start":{"line":15,"column":6},"end":{"line":15,"column":null}},"1":{"start":{"line":17,"column":16},"end":{"line":110,"column":null}},"2":{"start":{"line":20,"column":20},"end":{"line":20,"column":null}},"3":{"start":{"line":24,"column":20},"end":{"line":24,"column":null}},"4":{"start":{"line":28,"column":20},"end":{"line":28,"column":null}},"5":{"start":{"line":33,"column":21},"end":{"line":33,"column":null}},"6":{"start":{"line":34,"column":27},"end":{"line":38,"column":null}},"7":{"start":{"line":39,"column":6},"end":{"line":46,"column":null}},"8":{"start":{"line":54,"column":23},"end":{"line":54,"column":null}},"9":{"start":{"line":55,"column":20},"end":{"line":62,"column":null}},"10":{"start":{"line":63,"column":6},"end":{"line":63,"column":null}},"11":{"start":{"line":68,"column":20},"end":{"line":68,"column":null}},"12":{"start":{"line":73,"column":22},"end":{"line":73,"column":null}},"13":{"start":{"line":74,"column":6},"end":{"line":74,"column":null}},"14":{"start":{"line":74,"column":20},"end":{"line":74,"column":null}},"15":{"start":{"line":75,"column":6},"end":{"line":84,"column":null}},"16":{"start":{"line":81,"column":26},"end":{"line":81,"column":null}},"17":{"start":{"line":91,"column":23},"end":{"line":91,"column":null}},"18":{"start":{"line":92,"column":6},"end":{"line":92,"column":null}},"19":{"start":{"line":92,"column":21},"end":{"line":92,"column":null}},"20":{"start":{"line":93,"column":6},"end":{"line":102,"column":null}},"21":{"start":{"line":99,"column":26},"end":{"line":99,"column":null}},"22":{"start":{"line":108,"column":20},"end":{"line":108,"column":null}},"23":{"start":{"line":117,"column":8},"end":{"line":117,"column":null}},"24":{"start":{"line":118,"column":28},"end":{"line":118,"column":null}},"25":{"start":{"line":121,"column":8},"end":{"line":130,"column":null}},"26":{"start":{"line":132,"column":25},"end":{"line":134,"column":null}},"27":{"start":{"line":133,"column":4},"end":{"line":133,"column":null}},"28":{"start":{"line":136,"column":2},"end":{"line":195,"column":null}},"29":{"start":{"line":141,"column":12},"end":{"line":168,"column":null}},"30":{"start":{"line":143,"column":16},"end":{"line":166,"column":null}},"31":{"start":{"line":173,"column":12},"end":{"line":186,"column":null}},"32":{"start":{"line":175,"column":29},"end":{"line":175,"column":null}},"33":{"start":{"line":179,"column":16},"end":{"line":184,"column":null}}},"fnMap":{"0":{"name":"(anonymous_0)","decl":{"start":{"line":20,"column":10},"end":{"line":20,"column":11}},"loc":{"start":{"line":20,"column":20},"end":{"line":20,"column":null}},"line":20},"1":{"name":"(anonymous_1)","decl":{"start":{"line":24,"column":10},"end":{"line":24,"column":11}},"loc":{"start":{"line":24,"column":20},"end":{"line":24,"column":null}},"line":24},"2":{"name":"(anonymous_2)","decl":{"start":{"line":28,"column":10},"end":{"line":28,"column":11}},"loc":{"start":{"line":28,"column":20},"end":{"line":28,"column":null}},"line":28},"3":{"name":"(anonymous_3)","decl":{"start":{"line":32,"column":10},"end":{"line":32,"column":11}},"loc":{"start":{"line":32,"column":20},"end":{"line":48,"column":null}},"line":32},"4":{"name":"(anonymous_4)","decl":{"start":{"line":53,"column":10},"end":{"line":53,"column":11}},"loc":{"start":{"line":53,"column":21},"end":{"line":64,"column":null}},"line":53},"5":{"name":"(anonymous_5)","decl":{"start":{"line":68,"column":10},"end":{"line":68,"column":11}},"loc":{"start":{"line":68,"column":20},"end":{"line":68,"column":null}},"line":68},"6":{"name":"(anonymous_6)","decl":{"start":{"line":72,"column":10},"end":{"line":72,"column":11}},"loc":{"start":{"line":72,"column":20},"end":{"line":86,"column":null}},"line":72},"7":{"name":"(anonymous_7)","decl":{"start":{"line":81,"column":19},"end":{"line":81,"column":20}},"loc":{"start":{"line":81,"column":26},"end":{"line":81,"column":null}},"line":81},"8":{"name":"(anonymous_8)","decl":{"start":{"line":90,"column":10},"end":{"line":90,"column":11}},"loc":{"start":{"line":90,"column":20},"end":{"line":104,"column":null}},"line":90},"9":{"name":"(anonymous_9)","decl":{"start":{"line":99,"column":19},"end":{"line":99,"column":20}},"loc":{"start":{"line":99,"column":26},"end":{"line":99,"column":null}},"line":99},"10":{"name":"(anonymous_10)","decl":{"start":{"line":108,"column":10},"end":{"line":108,"column":11}},"loc":{"start":{"line":108,"column":20},"end":{"line":108,"column":null}},"line":108},"11":{"name":"LocationsTable","decl":{"start":{"line":116,"column":16},"end":{"line":116,"column":31}},"loc":{"start":{"line":116,"column":62},"end":{"line":197,"column":null}},"line":116},"12":{"name":"(anonymous_12)","decl":{"start":{"line":132,"column":25},"end":{"line":132,"column":26}},"loc":{"start":{"line":132,"column":49},"end":{"line":134,"column":null}},"line":132},"13":{"name":"(anonymous_13)","decl":{"start":{"line":140,"column":39},"end":{"line":140,"column":40}},"loc":{"start":{"line":141,"column":12},"end":{"line":168,"column":null}},"line":141},"14":{"name":"(anonymous_14)","decl":{"start":{"line":142,"column":39},"end":{"line":142,"column":40}},"loc":{"start":{"line":143,"column":16},"end":{"line":166,"column":null}},"line":143},"15":{"name":"(anonymous_15)","decl":{"start":{"line":172,"column":40},"end":{"line":172,"column":41}},"loc":{"start":{"line":173,"column":12},"end":{"line":186,"column":null}},"line":173},"16":{"name":"(anonymous_16)","decl":{"start":{"line":175,"column":23},"end":{"line":175,"column":29}},"loc":{"start":{"line":175,"column":29},"end":{"line":175,"column":null}},"line":175},"17":{"name":"(anonymous_17)","decl":{"start":{"line":178,"column":41},"end":{"line":178,"column":42}},"loc":{"start":{"line":179,"column":16},"end":{"line":184,"column":null}},"line":179}},"branchMap":{"0":{"loc":{"start":{"line":28,"column":20},"end":{"line":28,"column":null}},"type":"binary-expr","locations":[{"start":{"line":28,"column":20},"end":{"line":28,"column":39}},{"start":{"line":28,"column":39},"end":{"line":28,"column":null}}],"line":28},"1":{"loc":{"start":{"line":42,"column":12},"end":{"line":42,"column":null}},"type":"binary-expr","locations":[{"start":{"line":42,"column":12},"end":{"line":42,"column":65}},{"start":{"line":42,"column":65},"end":{"line":42,"column":null}}],"line":42},"2":{"loc":{"start":{"line":63,"column":40},"end":{"line":63,"column":64}},"type":"binary-expr","locations":[{"start":{"line":63,"column":40},"end":{"line":63,"column":60}},{"start":{"line":63,"column":60},"end":{"line":63,"column":64}}],"line":63},"3":{"loc":{"start":{"line":68,"column":20},"end":{"line":68,"column":null}},"type":"binary-expr","locations":[{"start":{"line":68,"column":20},"end":{"line":68,"column":39}},{"start":{"line":68,"column":39},"end":{"line":68,"column":null}}],"line":68},"4":{"loc":{"start":{"line":74,"column":6},"end":{"line":74,"column":null}},"type":"if","locations":[{"start":{"line":74,"column":6},"end":{"line":74,"column":null}},{"start":{},"end":{}}],"line":74},"5":{"loc":{"start":{"line":92,"column":6},"end":{"line":92,"column":null}},"type":"if","locations":[{"start":{"line":92,"column":6},"end":{"line":92,"column":null}},{"start":{},"end":{}}],"line":92},"6":{"loc":{"start":{"line":108,"column":20},"end":{"line":108,"column":null}},"type":"binary-expr","locations":[{"start":{"line":108,"column":20},"end":{"line":108,"column":39}},{"start":{"line":108,"column":39},"end":{"line":108,"column":null}}],"line":108},"7":{"loc":{"start":{"line":147,"column":19},"end":{"line":164,"column":null}},"type":"cond-expr","locations":[{"start":{"line":147,"column":42},"end":{"line":147,"column":null}},{"start":{"line":148,"column":20},"end":{"line":164,"column":null}}],"line":147},"8":{"loc":{"start":{"line":150,"column":24},"end":{"line":152,"column":null}},"type":"cond-expr","locations":[{"start":{"line":151,"column":28},"end":{"line":151,"column":null}},{"start":{"line":152,"column":28},"end":{"line":152,"column":null}}],"line":150},"9":{"loc":{"start":{"line":160,"column":23},"end":{"line":163,"column":null}},"type":"binary-expr","locations":[{"start":{"line":160,"column":23},"end":{"line":163,"column":66}},{"start":{"line":163,"column":66},"end":{"line":163,"column":null}}],"line":160},"10":{"loc":{"start":{"line":190,"column":7},"end":{"line":193,"column":null}},"type":"binary-expr","locations":[{"start":{"line":190,"column":7},"end":{"line":190,"column":null}},{"start":{"line":191,"column":8},"end":{"line":193,"column":null}}],"line":190}},"s":{"0":1,"1":1,"2":15,"3":15,"4":15,"5":15,"6":15,"7":15,"8":15,"9":15,"10":15,"11":15,"12":15,"13":15,"14":8,"15":7,"16":0,"17":15,"18":15,"19":8,"20":7,"21":0,"22":15,"23":9,"24":9,"25":9,"26":9,"27":1,"28":9,"29":9,"30":81,"31":15,"32":1,"33":135},"f":{"0":15,"1":15,"2":15,"3":15,"4":15,"5":15,"6":15,"7":0,"8":15,"9":0,"10":15,"11":9,"12":1,"13":9,"14":81,"15":15,"16":1,"17":135},"b":{"0":[15,1],"1":[15,0],"2":[15,0],"3":[15,1],"4":[8,7],"5":[8,7],"6":[15,15],"7":[0,81],"8":[72,9],"9":[81,81],"10":[9,1]},"meta":{"lastBranch":11,"lastFunction":18,"lastStatement":34,"seen":{"s:15:6:15:Infinity":0,"s:17:16:110:Infinity":1,"f:20:10:20:11":0,"s:20:20:20:Infinity":2,"f:24:10:24:11":1,"s:24:20:24:Infinity":3,"f:28:10:28:11":2,"s:28:20:28:Infinity":4,"b:28:20:28:39:28:39:28:Infinity":0,"f:32:10:32:11":3,"s:33:21:33:Infinity":5,"s:34:27:38:Infinity":6,"s:39:6:46:Infinity":7,"b:42:12:42:65:42:65:42:Infinity":1,"f:53:10:53:11":4,"s:54:23:54:Infinity":8,"s:55:20:62:Infinity":9,"s:63:6:63:Infinity":10,"b:63:40:63:60:63:60:63:64":2,"f:68:10:68:11":5,"s:68:20:68:Infinity":11,"b:68:20:68:39:68:39:68:Infinity":3,"f:72:10:72:11":6,"s:73:22:73:Infinity":12,"b:74:6:74:Infinity:undefined:undefined:undefined:undefined":4,"s:74:6:74:Infinity":13,"s:74:20:74:Infinity":14,"s:75:6:84:Infinity":15,"f:81:19:81:20":7,"s:81:26:81:Infinity":16,"f:90:10:90:11":8,"s:91:23:91:Infinity":17,"b:92:6:92:Infinity:undefined:undefined:undefined:undefined":5,"s:92:6:92:Infinity":18,"s:92:21:92:Infinity":19,"s:93:6:102:Infinity":20,"f:99:19:99:20":9,"s:99:26:99:Infinity":21,"f:108:10:108:11":10,"s:108:20:108:Infinity":22,"b:108:20:108:39:108:39:108:Infinity":6,"f:116:16:116:31":11,"s:117:8:117:Infinity":23,"s:118:28:118:Infinity":24,"s:121:8:130:Infinity":25,"s:132:25:134:Infinity":26,"f:132:25:132:26":12,"s:133:4:133:Infinity":27,"s:136:2:195:Infinity":28,"f:140:39:140:40":13,"s:141:12:168:Infinity":29,"f:142:39:142:40":14,"s:143:16:166:Infinity":30,"b:147:42:147:Infinity:148:20:164:Infinity":7,"b:151:28:151:Infinity:152:28:152:Infinity":8,"b:160:23:163:66:163:66:163:Infinity":9,"f:172:40:172:41":15,"s:173:12:186:Infinity":31,"f:175:23:175:29":16,"s:175:29:175:Infinity":32,"f:178:41:178:42":17,"s:179:16:184:Infinity":33,"b:190:7:190:Infinity:191:8:193:Infinity":10}}}
,"/Users/dave/projects/detroitchow/detroitchow-admin-ui/src/hooks/useLocations.ts": {"path":"/Users/dave/projects/detroitchow/detroitchow-admin-ui/src/hooks/useLocations.ts","statementMap":{"0":{"start":{"line":8,"column":2},"end":{"line":11,"column":null}},"1":{"start":{"line":10,"column":13},"end":{"line":10,"column":null}}},"fnMap":{"0":{"name":"useLocations","decl":{"start":{"line":7,"column":16},"end":{"line":7,"column":31}},"loc":{"start":{"line":7,"column":31},"end":{"line":12,"column":null}},"line":7},"1":{"name":"(anonymous_1)","decl":{"start":{"line":10,"column":13},"end":{"line":10,"column":19}},"loc":{"start":{"line":10,"column":13},"end":{"line":10,"column":null}},"line":10}},"branchMap":{},"s":{"0":7,"1":4},"f":{"0":7,"1":4},"b":{},"meta":{"lastBranch":0,"lastFunction":2,"lastStatement":2,"seen":{"f:7:16:7:31":0,"s:8:2:11:Infinity":0,"f:10:13:10:19":1,"s:10:13:10:Infinity":1}}}
,"/Users/dave/projects/detroitchow/detroitchow-admin-ui/src/pages/Locations.tsx": {"path":"/Users/dave/projects/detroitchow/detroitchow-admin-ui/src/pages/Locations.tsx","statementMap":{"0":{"start":{"line":9,"column":44},"end":{"line":9,"column":null}},"1":{"start":{"line":10,"column":34},"end":{"line":10,"column":null}},"2":{"start":{"line":12,"column":8},"end":{"line":33,"column":null}},"3":{"start":{"line":13,"column":4},"end":{"line":13,"column":null}},"4":{"start":{"line":13,"column":20},"end":{"line":13,"column":null}},"5":{"start":{"line":14,"column":4},"end":{"line":14,"column":null}},"6":{"start":{"line":14,"column":28},"end":{"line":14,"column":null}},"7":{"start":{"line":16,"column":24},"end":{"line":16,"column":null}},"8":{"start":{"line":18,"column":4},"end":{"line":32,"column":null}},"9":{"start":{"line":19,"column":19},"end":{"line":19,"column":null}},"10":{"start":{"line":21,"column":27},"end":{"line":28,"column":null}},"11":{"start":{"line":29,"column":22},"end":{"line":29,"column":null}},"12":{"start":{"line":31,"column":6},"end":{"line":31,"column":null}},"13":{"start":{"line":35,"column":2},"end":{"line":83,"column":null}},"14":{"start":{"line":48,"column":31},"end":{"line":48,"column":null}},"15":{"start":{"line":53,"column":31},"end":{"line":53,"column":null}}},"fnMap":{"0":{"name":"Locations","decl":{"start":{"line":8,"column":16},"end":{"line":8,"column":28}},"loc":{"start":{"line":8,"column":28},"end":{"line":85,"column":null}},"line":8},"1":{"name":"(anonymous_1)","decl":{"start":{"line":12,"column":36},"end":{"line":12,"column":42}},"loc":{"start":{"line":12,"column":42},"end":{"line":33,"column":5}},"line":12},"2":{"name":"(anonymous_2)","decl":{"start":{"line":18,"column":28},"end":{"line":18,"column":29}},"loc":{"start":{"line":18,"column":52},"end":{"line":32,"column":5}},"line":18},"3":{"name":"(anonymous_3)","decl":{"start":{"line":48,"column":24},"end":{"line":48,"column":25}},"loc":{"start":{"line":48,"column":31},"end":{"line":48,"column":null}},"line":48},"4":{"name":"(anonymous_4)","decl":{"start":{"line":53,"column":25},"end":{"line":53,"column":31}},"loc":{"start":{"line":53,"column":31},"end":{"line":53,"column":null}},"line":53}},"branchMap":{"0":{"loc":{"start":{"line":13,"column":4},"end":{"line":13,"column":null}},"type":"if","locations":[{"start":{"line":13,"column":4},"end":{"line":13,"column":null}},{"start":{},"end":{}}],"line":13},"1":{"loc":{"start":{"line":14,"column":4},"end":{"line":14,"column":null}},"type":"if","locations":[{"start":{"line":14,"column":4},"end":{"line":14,"column":null}},{"start":{},"end":{}}],"line":14},"2":{"loc":{"start":{"line":19,"column":19},"end":{"line":19,"column":null}},"type":"binary-expr","locations":[{"start":{"line":19,"column":19},"end":{"line":19,"column":51}},{"start":{"line":19,"column":51},"end":{"line":19,"column":null}}],"line":19},"3":{"loc":{"start":{"line":31,"column":13},"end":{"line":31,"column":null}},"type":"binary-expr","locations":[{"start":{"line":31,"column":13},"end":{"line":31,"column":43}},{"start":{"line":31,"column":43},"end":{"line":31,"column":null}}],"line":31},"4":{"loc":{"start":{"line":51,"column":13},"end":{"line":57,"column":null}},"type":"binary-expr","locations":[{"start":{"line":51,"column":13},"end":{"line":51,"column":null}},{"start":{"line":52,"column":14},"end":{"line":57,"column":null}}],"line":51},"5":{"loc":{"start":{"line":62,"column":9},"end":{"line":65,"column":null}},"type":"binary-expr","locations":[{"start":{"line":62,"column":9},"end":{"line":62,"column":null}},{"start":{"line":63,"column":10},"end":{"line":65,"column":null}}],"line":62},"6":{"loc":{"start":{"line":68,"column":9},"end":{"line":71,"column":null}},"type":"binary-expr","locations":[{"start":{"line":68,"column":9},"end":{"line":68,"column":null}},{"start":{"line":69,"column":10},"end":{"line":71,"column":null}}],"line":68},"7":{"loc":{"start":{"line":70,"column":38},"end":{"line":70,"column":null}},"type":"cond-expr","locations":[{"start":{"line":70,"column":63},"end":{"line":70,"column":79}},{"start":{"line":70,"column":79},"end":{"line":70,"column":null}}],"line":70},"8":{"loc":{"start":{"line":74,"column":9},"end":{"line":80,"column":null}},"type":"binary-expr","locations":[{"start":{"line":74,"column":9},"end":{"line":74,"column":null}},{"start":{"line":75,"column":10},"end":{"line":80,"column":null}}],"line":74}},"s":{"0":46,"1":46,"2":46,"3":46,"4":2,"5":44,"6":7,"7":37,"8":37,"9":74,"10":74,"11":74,"12":74,"13":46,"14":37,"15":1},"f":{"0":46,"1":46,"2":74,"3":37,"4":1},"b":{"0":[2,44],"1":[7,37],"2":[74,0],"3":[74,70],"4":[46,37],"5":[46,1],"6":[46,1],"7":[1,0],"8":[46,44]},"meta":{"lastBranch":9,"lastFunction":5,"lastStatement":16,"seen":{"f:8:16:8:28":0,"s:9:44:9:Infinity":0,"s:10:34:10:Infinity":1,"s:12:8:33:Infinity":2,"f:12:36:12:42":1,"b:13:4:13:Infinity:undefined:undefined:undefined:undefined":0,"s:13:4:13:Infinity":3,"s:13:20:13:Infinity":4,"b:14:4:14:Infinity:undefined:undefined:undefined:undefined":1,"s:14:4:14:Infinity":5,"s:14:28:14:Infinity":6,"s:16:24:16:Infinity":7,"s:18:4:32:Infinity":8,"f:18:28:18:29":2,"s:19:19:19:Infinity":9,"b:19:19:19:51:19:51:19:Infinity":2,"s:21:27:28:Infinity":10,"s:29:22:29:Infinity":11,"s:31:6:31:Infinity":12,"b:31:13:31:43:31:43:31:Infinity":3,"s:35:2:83:Infinity":13,"f:48:24:48:25":3,"s:48:31:48:Infinity":14,"b:51:13:51:Infinity:52:14:57:Infinity":4,"f:53:25:53:31":4,"s:53:31:53:Infinity":15,"b:62:9:62:Infinity:63:10:65:Infinity":5,"b:68:9:68:Infinity:69:10:71:Infinity":6,"b:70:63:70:79:70:79:70:Infinity":7,"b:74:9:74:Infinity:75:10:80:Infinity":8}}}
}
